<?xml version="1.0" encoding="UTF-8"?>
<!-- Generated by org.testng.reporters.JUnitReportReporter -->
<testsuite hostname="LAPTOP-406PAINE" failures="0" tests="1" name="com.nopcommerce.testCases.TC_AddCustomerTest_0003" time="35.126" errors="0" timestamp="2022-09-16T12:25:23 IST" skipped="0">
  <testcase classname="com.nopcommerce.testCases.TC_AddCustomerTest_0003" name="addNewCustomer" time="35.126"/>
  <system-out/>
</testsuite> <!-- com.nopcommerce.testCases.TC_AddCustomerTest_0003 -->
